{
  "RSpec": {
    "coverage": {
      "/Users/dmiller/dev/wdi/project_01/jammer/config/environment.rb": [
        null,
        1,
        null,
        null,
        1,
        1,
        null,
        null,
        1
      ],
      "/Users/dmiller/dev/wdi/project_01/jammer/config/application.rb": [
        1,
        null,
        1,
        null,
        null,
        null,
        1,
        null,
        1,
        1,
        null,
        null,
        null,
        null,
        null,
        null,
        null,
        null,
        null,
        null,
        null,
        null,
        null,
        1,
        null,
        null,
        null
      ],
      "/Users/dmiller/dev/wdi/project_01/jammer/config/boot.rb": [
        null,
        1,
        null,
        1
      ],
      "/Users/dmiller/dev/wdi/project_01/jammer/config/initializers/app_env_vars.rb": [
        1,
        1
      ],
      "/Users/dmiller/dev/wdi/project_01/jammer/config/environments/test.rb": [
        1,
        null,
        null,
        null,
        null,
        null,
        null,
        1,
        null,
        null,
        null,
        null,
        1,
        null,
        null,
        1,
        1,
        null,
        null,
        1,
        1,
        null,
        null,
        1,
        null,
        null,
        1,
        null,
        null,
        null,
        null,
        1,
        null,
        null,
        1,
        null
      ],
      "/Users/dmiller/dev/wdi/project_01/jammer/config/initializers/backtrace_silencers.rb": [
        null,
        null,
        null,
        null,
        null,
        null,
        null
      ],
      "/Users/dmiller/dev/wdi/project_01/jammer/config/initializers/better_errors.rb": [
        1
      ],
      "/Users/dmiller/dev/wdi/project_01/jammer/config/initializers/filter_parameter_logging.rb": [
        null,
        null,
        null,
        1
      ],
      "/Users/dmiller/dev/wdi/project_01/jammer/config/initializers/inflections.rb": [
        null,
        null,
        null,
        null,
        null,
        null,
        null,
        null,
        null,
        null,
        null,
        null,
        null,
        null,
        null,
        null
      ],
      "/Users/dmiller/dev/wdi/project_01/jammer/config/initializers/mime_types.rb": [
        null,
        null,
        null,
        null,
        null
      ],
      "/Users/dmiller/dev/wdi/project_01/jammer/config/initializers/secret_token.rb": [
        null,
        null,
        null,
        null,
        null,
        null,
        null,
        null,
        null,
        null,
        null,
        1
      ],
      "/Users/dmiller/dev/wdi/project_01/jammer/config/initializers/session_store.rb": [
        null,
        null,
        1
      ],
      "/Users/dmiller/dev/wdi/project_01/jammer/config/initializers/simple_form.rb": [
        null,
        1,
        null,
        null,
        null,
        null,
        null,
        1,
        null,
        null,
        null,
        null,
        null,
        null,
        null,
        null,
        null,
        1,
        null,
        null,
        null,
        1,
        null,
        null,
        null,
        null,
        null,
        null,
        null,
        null,
        1,
        null,
        null,
        1,
        null,
        null,
        1,
        null,
        null,
        1,
        null,
        null,
        1,
        1,
        1,
        null,
        null,
        null,
        1,
        null,
        null,
        null,
        null,
        null,
        1,
        null,
        null,
        1,
        null,
        null,
        null,
        null,
        null,
        null,
        null,
        1,
        null,
        null,
        1,
        null,
        null,
        null,
        null,
        null,
        null,
        null,
        null,
        null,
        null,
        null,
        null,
        null,
        null,
        null,
        null,
        null,
        null,
        null,
        null,
        null,
        null,
        null,
        null,
        null,
        null,
        null,
        null,
        1,
        null,
        null,
        null,
        null,
        null,
        null,
        null,
        null,
        null,
        null,
        null,
        null,
        null,
        null,
        null,
        1,
        null,
        null,
        null,
        null,
        null,
        null,
        null,
        null,
        null,
        null,
        null,
        null,
        null,
        null,
        null,
        null,
        null,
        null,
        null,
        null,
        null,
        null,
        null,
        null,
        null,
        null,
        null,
        null,
        null,
        null,
        null
      ],
      "/Users/dmiller/dev/wdi/project_01/jammer/config/initializers/simple_form_foundation.rb": [
        null,
        1,
        1,
        1,
        1,
        1,
        1,
        1,
        1,
        1,
        1,
        null,
        null,
        null,
        null,
        null,
        null,
        null,
        1,
        null,
        null,
        1,
        null,
        null,
        1,
        null
      ],
      "/Users/dmiller/dev/wdi/project_01/jammer/config/initializers/wrap_parameters.rb": [
        null,
        null,
        null,
        null,
        null,
        null,
        1,
        1,
        null,
        null,
        null,
        null,
        null,
        null
      ],
      "/Users/dmiller/dev/wdi/project_01/jammer/config/routes.rb": [
        1,
        null,
        1,
        null,
        1,
        1,
        1,
        null,
        null,
        1,
        1,
        null,
        1,
        1,
        null,
        null,
        1,
        null,
        1,
        1,
        1,
        null,
        null,
        null,
        null,
        null,
        null,
        null,
        null,
        null,
        null,
        null,
        null,
        null,
        null,
        null,
        null,
        null,
        null,
        null,
        null,
        null,
        null,
        null,
        null,
        null,
        null,
        null,
        null,
        null,
        null,
        null,
        null,
        null,
        null,
        null,
        null,
        null,
        null,
        null,
        null,
        null,
        null,
        null,
        null,
        null,
        null,
        null,
        null,
        null,
        null,
        null,
        null,
        null,
        null,
        null,
        null
      ],
      "/Users/dmiller/dev/wdi/project_01/jammer/app/helpers/application_helper.rb": [
        1,
        null
      ],
      "/Users/dmiller/dev/wdi/project_01/jammer/app/helpers/dates_helper.rb": [
        1,
        null
      ],
      "/Users/dmiller/dev/wdi/project_01/jammer/app/mailers/user_mailer.rb": [
        null,
        null,
        1,
        1,
        null,
        1,
        0,
        0,
        0,
        null,
        null,
        1,
        0,
        0,
        0,
        0,
        null,
        null
      ],
      "/Users/dmiller/dev/wdi/project_01/jammer/spec/models/friendship_spec.rb": [
        1,
        null,
        1,
        2,
        2,
        2,
        null
      ],
      "/Users/dmiller/dev/wdi/project_01/jammer/app/models/friendship.rb": [
        null,
        1,
        1,
        1,
        null,
        null,
        1,
        null
      ],
      "/Users/dmiller/dev/wdi/project_01/jammer/spec/models/jam_spec.rb": [
        null,
        1,
        null,
        1,
        null,
        null,
        2,
        2,
        null,
        1,
        1,
        null,
        null,
        1,
        1,
        2,
        2,
        1,
        1,
        null,
        null,
        null,
        null,
        null
      ],
      "/Users/dmiller/dev/wdi/project_01/jammer/app/models/jam.rb": [
        null,
        1,
        null,
        null,
        1,
        1,
        null,
        1,
        0,
        null,
        null,
        null,
        1,
        0,
        null,
        null,
        null,
        1,
        0,
        0,
        null,
        null,
        1,
        null,
        1,
        null,
        null,
        null,
        null
      ],
      "/Users/dmiller/dev/wdi/project_01/jammer/spec/models/jam_time_spec.rb": [
        1,
        null,
        1,
        2,
        2,
        2,
        2,
        null
      ],
      "/Users/dmiller/dev/wdi/project_01/jammer/app/models/jam_time.rb": [
        null,
        1,
        1,
        1,
        1,
        1,
        null,
        1,
        0,
        null,
        null,
        1,
        0,
        null,
        null,
        null
      ],
      "/Users/dmiller/dev/wdi/project_01/jammer/spec/models/rsvp_spec.rb": [
        1,
        null,
        1,
        2,
        2,
        2,
        null
      ],
      "/Users/dmiller/dev/wdi/project_01/jammer/app/models/rsvp.rb": [
        null,
        1,
        1,
        1,
        null,
        1,
        null,
        1,
        0,
        0,
        0,
        null,
        null,
        null,
        null,
        null,
        null,
        null,
        null
      ],
      "/Users/dmiller/dev/wdi/project_01/jammer/spec/models/user_spec.rb": [
        1,
        null,
        1,
        null,
        2,
        2,
        1,
        1,
        1,
        null,
        2,
        2,
        null,
        2,
        null,
        1,
        1,
        null,
        1,
        null,
        null,
        1,
        1,
        1,
        1,
        null,
        null,
        null,
        1,
        1,
        1,
        1,
        1,
        1,
        1,
        1,
        null,
        null,
        null,
        null,
        1,
        1,
        1,
        1,
        1,
        1,
        1,
        1,
        1,
        1,
        1,
        1,
        1,
        1,
        null,
        null,
        null,
        null
      ],
      "/Users/dmiller/dev/wdi/project_01/jammer/app/models/user.rb": [
        null,
        1,
        null,
        1,
        null,
        1,
        null,
        1,
        1,
        null,
        1,
        null,
        null,
        null,
        1,
        1,
        1,
        1,
        1,
        0,
        0,
        0,
        0,
        null,
        0,
        null,
        null,
        null,
        1,
        0,
        null,
        null,
        1,
        0,
        null,
        null,
        1,
        0,
        null,
        null,
        null,
        1,
        8,
        null,
        null,
        null
      ]
    },
    "timestamp": 1400958486
  }
}
